This is XeTeX, Version 3.14159265-2.6-0.999991 (TeX Live 2019/Arch Linux) (preloaded format=xelatex 2019.8.29)  3 SEP 2019 18:59
entering extended mode
 restricted \write18 enabled.
 %&-line parsing enabled.
**applications/coverletter.tex applications/coverletter.tex.pdf
(./applications/coverletter.tex
LaTeX2e <2018-12-01>

! LaTeX Error: File `awesome-cv-cover-letter.cls' not found.

Type X to quit or <RETURN> to proceed,
or enter new name. (Default extension: cls)

Enter file name: 
! Emergency stop.
<read *> 
         
l.22 ^^M
        
End of file on the terminal!

 
Here is how much of TeX's memory you used:
 10 strings out of 492922
 218 string characters out of 6138851
 64272 words of memory out of 5000000
 4156 multiletter control sequences out of 15000+600000
 3640 words of font info for 14 fonts, out of 8000000 for 9000
 1348 hyphenation exceptions out of 8191
 10i,0n,8p,128b,8s stack positions out of 5000i,500n,10000p,200000b,80000s
No pages of output.
