This is XeTeX, Version 3.14159265-2.6-0.999991 (TeX Live 2019/Arch Linux) (preloaded format=xelatex 2019.8.29)  3 SEP 2019 19:50
entering extended mode
 restricted \write18 enabled.
 %&-line parsing enabled.
**applications/sections/cover.tex applications/sections/cover.tex.pdf
(./applications/sections/cover.tex
LaTeX2e <2018-12-01>
! Undefined control sequence.
l.1 \cvletter
             {}
? 
! Emergency stop.
l.1 \cvletter
             {}
End of file on the terminal!

 
Here is how much of TeX's memory you used:
 5 strings out of 492922
 100 string characters out of 6138851
 64272 words of memory out of 5000000
 4153 multiletter control sequences out of 15000+600000
 3640 words of font info for 14 fonts, out of 8000000 for 9000
 1348 hyphenation exceptions out of 8191
 4i,0n,1p,81b,8s stack positions out of 5000i,500n,10000p,200000b,80000s
No pages of output.
